<?xml version="1.0" encoding="UTF-8"?>
<!-- Generated by org.testng.reporters.JUnitXMLReporter -->
<testsuite ignored="0" hostname="BLR1-LHP-N73414" failures="1" tests="7" name="chrometest" time="76.843" errors="0" timestamp="2023-10-11T12:07:14 IST">
  <testcase classname="testCase.TC_001_AccountRegistationTest" name="test_accout_registation" time="1.891"/>
  <testcase classname="testCase.TC_002_LoginTest" name="loginTest" time="10.872">
    <failure type="java.lang.AssertionError" message="expected [true] but found [false]">
      <![CDATA[java.lang.AssertionError: expected [true] but found [false]
at testCase.TC_002_LoginTest.loginTest(TC_002_LoginTest.java:36)
at java.base/java.util.ArrayList.forEach(ArrayList.java:1511)
... Removed 35 stack frames]]>
    </failure>
  </testcase> <!-- loginTest -->
  <testcase classname="testCase.TC_003_LoginDDT" name="test_loginDDT" time="10.765"/>
  <testcase classname="testCase.TC_003_LoginDDT" name="test_loginDDT" time="10.686"/>
  <testcase classname="testCase.TC_003_LoginDDT" name="test_loginDDT" time="10.892"/>
  <testcase classname="testCase.TC_003_LoginDDT" name="test_loginDDT" time="10.635"/>
  <testcase classname="testCase.TC_003_LoginDDT" name="test_loginDDT" time="10.773"/>
</testsuite> <!-- chrometest -->
