<?xml version="1.0" encoding="UTF-8"?>
<testng-results ignored="0" total="7" passed="6" failed="1" skipped="0">
  <reporter-output>
  </reporter-output>
  <suite started-at="2023-10-18T16:55:07 IST" name="OpenCartSuite" finished-at="2023-10-18T16:56:25 IST" duration-ms="78086">
    <groups>
      <group name="regression">
        <method signature="TC_001_AccountRegistationTest.test_accout_registation()[pri:0, instance:testCase.TC_001_AccountRegistationTest@2e4b8173]" name="test_accout_registation" class="testCase.TC_001_AccountRegistationTest"/>
      </group> <!-- regression -->
    </groups>
    <test started-at="2023-10-18T16:55:07 IST" name="chrometest" finished-at="2023-10-18T16:56:25 IST" duration-ms="78086">
      <class name="testCase.TC_003_LoginDDT">
        <test-method is-config="true" signature="setup(java.lang.String)[pri:0, instance:testCase.TC_003_LoginDDT@19bb07ed]" started-at="2023-10-18T16:55:28 IST" name="setup" finished-at="2023-10-18T16:55:31 IST" duration-ms="2462" status="PASS">
          <params>
            <param index="0">
              <value>
                <![CDATA[chrome]]>
              </value>
            </param>
          </params>
          <reporter-output>
          </reporter-output>
        </test-method> <!-- setup -->
        <test-method signature="test_loginDDT(java.lang.String,java.lang.String,java.lang.String)[pri:0, instance:testCase.TC_003_LoginDDT@19bb07ed]" started-at="2023-10-18T16:55:32 IST" name="test_loginDDT" data-provider="LoginData" finished-at="2023-10-18T16:55:43 IST" duration-ms="10892" status="PASS">
          <params>
            <param index="0">
              <value>
                <![CDATA[kameshkam3094@gmail.com]]>
              </value>
            </param>
            <param index="1">
              <value>
                <![CDATA[Kamesh@30]]>
              </value>
            </param>
            <param index="2">
              <value>
                <![CDATA[valid]]>
              </value>
            </param>
          </params>
          <reporter-output>
          </reporter-output>
        </test-method> <!-- test_loginDDT -->
        <test-method signature="test_loginDDT(java.lang.String,java.lang.String,java.lang.String)[pri:0, instance:testCase.TC_003_LoginDDT@19bb07ed]" started-at="2023-10-18T16:55:43 IST" name="test_loginDDT" data-provider="LoginData" finished-at="2023-10-18T16:55:53 IST" duration-ms="10793" status="PASS">
          <params>
            <param index="0">
              <value>
                <![CDATA[abc123@gmail.com]]>
              </value>
            </param>
            <param index="1">
              <value>
                <![CDATA[abc@123]]>
              </value>
            </param>
            <param index="2">
              <value>
                <![CDATA[invalid]]>
              </value>
            </param>
          </params>
          <reporter-output>
          </reporter-output>
        </test-method> <!-- test_loginDDT -->
        <test-method signature="test_loginDDT(java.lang.String,java.lang.String,java.lang.String)[pri:0, instance:testCase.TC_003_LoginDDT@19bb07ed]" started-at="2023-10-18T16:55:53 IST" name="test_loginDDT" data-provider="LoginData" finished-at="2023-10-18T16:56:04 IST" duration-ms="10688" status="PASS">
          <params>
            <param index="0">
              <value>
                <![CDATA[pqrs@gmail.com]]>
              </value>
            </param>
            <param index="1">
              <value>
                <![CDATA[pQrs@1234]]>
              </value>
            </param>
            <param index="2">
              <value>
                <![CDATA[invalid]]>
              </value>
            </param>
          </params>
          <reporter-output>
          </reporter-output>
        </test-method> <!-- test_loginDDT -->
        <test-method signature="test_loginDDT(java.lang.String,java.lang.String,java.lang.String)[pri:0, instance:testCase.TC_003_LoginDDT@19bb07ed]" started-at="2023-10-18T16:56:04 IST" name="test_loginDDT" data-provider="LoginData" finished-at="2023-10-18T16:56:15 IST" duration-ms="10709" status="PASS">
          <params>
            <param index="0">
              <value>
                <![CDATA[kameshkam3094@gmail.com]]>
              </value>
            </param>
            <param index="1">
              <value>
                <![CDATA[Kamesh@30]]>
              </value>
            </param>
            <param index="2">
              <value>
                <![CDATA[valid]]>
              </value>
            </param>
          </params>
          <reporter-output>
          </reporter-output>
        </test-method> <!-- test_loginDDT -->
        <test-method signature="test_loginDDT(java.lang.String,java.lang.String,java.lang.String)[pri:0, instance:testCase.TC_003_LoginDDT@19bb07ed]" started-at="2023-10-18T16:56:15 IST" name="test_loginDDT" data-provider="LoginData" finished-at="2023-10-18T16:56:25 IST" duration-ms="10579" status="PASS">
          <params>
            <param index="0">
              <value>
                <![CDATA[kannan123@gmail.com]]>
              </value>
            </param>
            <param index="1">
              <value>
                <![CDATA[Kannan@1122]]>
              </value>
            </param>
            <param index="2">
              <value>
                <![CDATA[invalid]]>
              </value>
            </param>
          </params>
          <reporter-output>
          </reporter-output>
        </test-method> <!-- test_loginDDT -->
        <test-method is-config="true" signature="tearDown()[pri:0, instance:testCase.TC_003_LoginDDT@19bb07ed]" started-at="2023-10-18T16:56:25 IST" name="tearDown" finished-at="2023-10-18T16:56:25 IST" duration-ms="63" status="PASS">
          <reporter-output>
          </reporter-output>
        </test-method> <!-- tearDown -->
      </class> <!-- testCase.TC_003_LoginDDT -->
      <class name="testCase.TC_002_LoginTest">
        <test-method is-config="true" signature="setup(java.lang.String)[pri:0, instance:testCase.TC_002_LoginTest@4b0b0854]" started-at="2023-10-18T16:55:15 IST" name="setup" finished-at="2023-10-18T16:55:17 IST" duration-ms="2221" status="PASS">
          <params>
            <param index="0">
              <value>
                <![CDATA[chrome]]>
              </value>
            </param>
          </params>
          <reporter-output>
          </reporter-output>
        </test-method> <!-- setup -->
        <test-method signature="loginTest()[pri:0, instance:testCase.TC_002_LoginTest@4b0b0854]" started-at="2023-10-18T16:55:17 IST" name="loginTest" finished-at="2023-10-18T16:55:28 IST" duration-ms="10993" status="FAIL">
          <exception class="java.lang.AssertionError">
            <message>
              <![CDATA[expected [true] but found [false]]]>
            </message>
            <full-stacktrace>
              <![CDATA[java.lang.AssertionError: expected [true] but found [false]
at org.testng.Assert.fail(Assert.java:99)
at org.testng.Assert.failNotEquals(Assert.java:1037)
at org.testng.Assert.assertTrue(Assert.java:45)
at org.testng.Assert.assertTrue(Assert.java:55)
at testCase.TC_002_LoginTest.loginTest(TC_002_LoginTest.java:36)
at java.base/jdk.internal.reflect.NativeMethodAccessorImpl.invoke0(Native Method)
at java.base/jdk.internal.reflect.NativeMethodAccessorImpl.invoke(NativeMethodAccessorImpl.java:77)
at java.base/jdk.internal.reflect.DelegatingMethodAccessorImpl.invoke(DelegatingMethodAccessorImpl.java:43)
at java.base/java.lang.reflect.Method.invoke(Method.java:568)
at org.testng.internal.MethodInvocationHelper.invokeMethod(MethodInvocationHelper.java:133)
at org.testng.internal.TestInvoker.invokeMethod(TestInvoker.java:598)
at org.testng.internal.TestInvoker.invokeTestMethod(TestInvoker.java:173)
at org.testng.internal.MethodRunner.runInSequence(MethodRunner.java:46)
at org.testng.internal.TestInvoker$MethodInvocationAgent.invoke(TestInvoker.java:824)
at org.testng.internal.TestInvoker.invokeTestMethods(TestInvoker.java:146)
at org.testng.internal.TestMethodWorker.invokeTestMethods(TestMethodWorker.java:146)
at org.testng.internal.TestMethodWorker.run(TestMethodWorker.java:128)
at java.base/java.util.ArrayList.forEach(ArrayList.java:1511)
at org.testng.TestRunner.privateRun(TestRunner.java:794)
at org.testng.TestRunner.run(TestRunner.java:596)
at org.testng.SuiteRunner.runTest(SuiteRunner.java:377)
at org.testng.SuiteRunner.runSequentially(SuiteRunner.java:371)
at org.testng.SuiteRunner.privateRun(SuiteRunner.java:332)
at org.testng.SuiteRunner.run(SuiteRunner.java:276)
at org.testng.SuiteRunnerWorker.runSuite(SuiteRunnerWorker.java:53)
at org.testng.SuiteRunnerWorker.run(SuiteRunnerWorker.java:96)
at org.testng.TestNG.runSuitesSequentially(TestNG.java:1212)
at org.testng.TestNG.runSuitesLocally(TestNG.java:1134)
at org.testng.TestNG.runSuites(TestNG.java:1063)
at org.testng.TestNG.run(TestNG.java:1031)
at org.testng.remote.AbstractRemoteTestNG.run(AbstractRemoteTestNG.java:115)
at org.testng.remote.RemoteTestNG.initAndRun(RemoteTestNG.java:251)
at org.testng.remote.RemoteTestNG.main(RemoteTestNG.java:77)
]]>
            </full-stacktrace>
          </exception> <!-- java.lang.AssertionError -->
          <reporter-output>
          </reporter-output>
        </test-method> <!-- loginTest -->
        <test-method is-config="true" signature="tearDown()[pri:0, instance:testCase.TC_002_LoginTest@4b0b0854]" started-at="2023-10-18T16:55:28 IST" name="tearDown" finished-at="2023-10-18T16:55:28 IST" duration-ms="109" status="PASS">
          <reporter-output>
          </reporter-output>
        </test-method> <!-- tearDown -->
      </class> <!-- testCase.TC_002_LoginTest -->
      <class name="testCase.TC_001_AccountRegistationTest">
        <test-method is-config="true" signature="setup(java.lang.String)[pri:0, instance:testCase.TC_001_AccountRegistationTest@2e4b8173]" started-at="2023-10-18T16:55:08 IST" name="setup" finished-at="2023-10-18T16:55:13 IST" duration-ms="5276" status="PASS">
          <params>
            <param index="0">
              <value>
                <![CDATA[chrome]]>
              </value>
            </param>
          </params>
          <reporter-output>
          </reporter-output>
        </test-method> <!-- setup -->
        <test-method signature="test_accout_registation()[pri:0, instance:testCase.TC_001_AccountRegistationTest@2e4b8173]" started-at="2023-10-18T16:55:13 IST" name="test_accout_registation" finished-at="2023-10-18T16:55:14 IST" duration-ms="1487" status="PASS">
          <reporter-output>
          </reporter-output>
        </test-method> <!-- test_accout_registation -->
        <test-method is-config="true" signature="tearDown()[pri:0, instance:testCase.TC_001_AccountRegistationTest@2e4b8173]" started-at="2023-10-18T16:55:14 IST" name="tearDown" finished-at="2023-10-18T16:55:15 IST" duration-ms="115" status="PASS">
          <reporter-output>
          </reporter-output>
        </test-method> <!-- tearDown -->
      </class> <!-- testCase.TC_001_AccountRegistationTest -->
    </test> <!-- chrometest -->
  </suite> <!-- OpenCartSuite -->
</testng-results>
