<?xml version="1.0" encoding="UTF-8"?>
<!-- Generated by org.testng.reporters.JUnitXMLReporter -->
<testsuite ignored="0" hostname="BLR1-LHP-N73414" failures="1" tests="2" name="chrometest1" time="19.501" errors="0" timestamp="2023-10-10T08:35:10 IST">
  <testcase classname="testCase.TC_001_AccountRegistationTest" name="test_accout_registation" time="1.113"/>
  <testcase classname="testCase.TC_002_LoginTest" name="loginTest" time="10.724">
    <failure type="java.lang.AssertionError" message="expected [true] but found [false]">
      <![CDATA[java.lang.AssertionError: expected [true] but found [false]
at testCase.TC_002_LoginTest.loginTest(TC_002_LoginTest.java:36)
at java.base/java.util.ArrayList.forEach(ArrayList.java:1511)
... Removed 31 stack frames]]>
    </failure>
  </testcase> <!-- loginTest -->
</testsuite> <!-- chrometest1 -->
